2026/01/22 12:08:33 Request: HEAD /
2026/01/22 12:08:33 Headers: map[Accept:[*/*] User-Agent:[curl/7.81.0]]
2026/01/22 12:08:33 Response status: 200, size: 0 bytes
2026/01/22 12:08:47 Request: HEAD /healthcheck/
2026/01/22 12:08:47 Headers: map[Accept:[*/*] User-Agent:[curl/7.81.0]]
2026/01/22 12:08:47 Response status: 200, size: 0 bytes
2026/01/22 12:08:58 Request: POST /api/data
2026/01/22 12:08:58 Headers: map[Accept:[*/*] Content-Length:[13] Content-Type:[application/json] User-Agent:[curl/7.81.0]]
2026/01/22 12:08:58 Response status: 200, size: 52 bytes
2026/01/22 12:09:40 Request: GET /
2026/01/22 12:09:40 Headers: map[Accept:[text/html,application/xhtml+xml,application/xml;q=0.9,image/avif,image/webp,image/apng,*/*;q=0.8,application/signed-exchange;v=b3;q=0.7] Accept-Encoding:[gzip, deflate, br, zstd] Accept-Language:[pt-BR,pt;q=0.9,en-US;q=0.8,en;q=0.7,ar;q=0.6] Connection:[keep-alive] Cookie:[_ga=GA1.1.854715908.1764511288; _ga_LNDJ3J7WT0=GS2.1.s1764511287$o1$g1$t1764511305$j42$l0$h0; _dd_s=logs=1&id=2e4d98e9-21b9-4104-8dcf-896707d87106&created=1769089172824&expire=1769095460742] If-Modified-Since:[Thu, 22 Jan 2026 14:07:32 GMT] Sec-Ch-Ua:["Not(A:Brand";v="8", "Chromium";v="144", "Google Chrome";v="144"] Sec-Ch-Ua-Mobile:[?0] Sec-Ch-Ua-Platform:["Windows"] Sec-Fetch-Dest:[document] Sec-Fetch-Mode:[navigate] Sec-Fetch-Site:[none] Sec-Fetch-User:[?1] Sec-Purpose:[prefetch;prerender] Upgrade-Insecure-Requests:[1] User-Agent:[Mozilla/5.0 (Windows NT 10.0; Win64; x64) AppleWebKit/537.36 (KHTML, like Gecko) Chrome/144.0.0.0 Safari/537.36]]
2026/01/22 12:09:40 Response status: 304, size: 0 bytes
2026/01/22 12:10:23 Request: GET /
2026/01/22 12:10:23 Headers: map[Accept:[text/html,application/xhtml+xml,application/xml;q=0.9,image/avif,image/webp,image/apng,*/*;q=0.8,application/signed-exchange;v=b3;q=0.7] Accept-Encoding:[gzip, deflate, br, zstd] Accept-Language:[pt-BR,pt;q=0.9,en-US;q=0.8,en;q=0.7,ar;q=0.6] Cache-Control:[max-age=0] Connection:[keep-alive] Cookie:[_ga=GA1.1.854715908.1764511288; _ga_LNDJ3J7WT0=GS2.1.s1764511287$o1$g1$t1764511305$j42$l0$h0; _dd_s=logs=1&id=2e4d98e9-21b9-4104-8dcf-896707d87106&created=1769089172824&expire=1769095503943] If-Modified-Since:[Thu, 22 Jan 2026 14:07:32 GMT] Sec-Ch-Ua:["Not(A:Brand";v="8", "Chromium";v="144", "Google Chrome";v="144"] Sec-Ch-Ua-Mobile:[?0] Sec-Ch-Ua-Platform:["Windows"] Sec-Fetch-Dest:[document] Sec-Fetch-Mode:[navigate] Sec-Fetch-Site:[none] Sec-Fetch-User:[?1] Upgrade-Insecure-Requests:[1] User-Agent:[Mozilla/5.0 (Windows NT 10.0; Win64; x64) AppleWebKit/537.36 (KHTML, like Gecko) Chrome/144.0.0.0 Safari/537.36]]
2026/01/22 12:10:23 Response status: 304, size: 0 bytes
2026/01/22 12:10:23 Request: GET /
2026/01/22 12:10:23 Headers: map[Accept:[text/html,application/xhtml+xml,application/xml;q=0.9,image/avif,image/webp,image/apng,*/*;q=0.8,application/signed-exchange;v=b3;q=0.7] Accept-Encoding:[gzip, deflate, br, zstd] Accept-Language:[pt-BR,pt;q=0.9,en-US;q=0.8,en;q=0.7,ar;q=0.6] Cache-Control:[max-age=0] Connection:[keep-alive] Cookie:[_ga=GA1.1.854715908.1764511288; _ga_LNDJ3J7WT0=GS2.1.s1764511287$o1$g1$t1764511305$j42$l0$h0; _dd_s=logs=1&id=2e4d98e9-21b9-4104-8dcf-896707d87106&created=1769089172824&expire=1769095503943] If-Modified-Since:[Thu, 22 Jan 2026 14:07:32 GMT] Sec-Ch-Ua:["Not(A:Brand";v="8", "Chromium";v="144", "Google Chrome";v="144"] Sec-Ch-Ua-Mobile:[?0] Sec-Ch-Ua-Platform:["Windows"] Sec-Fetch-Dest:[document] Sec-Fetch-Mode:[navigate] Sec-Fetch-Site:[none] Sec-Fetch-User:[?1] Upgrade-Insecure-Requests:[1] User-Agent:[Mozilla/5.0 (Windows NT 10.0; Win64; x64) AppleWebKit/537.36 (KHTML, like Gecko) Chrome/144.0.0.0 Safari/537.36]]
2026/01/22 12:10:23 Response status: 304, size: 0 bytes
2026/01/22 12:10:24 Request: GET /
2026/01/22 12:10:24 Headers: map[Accept:[text/html,application/xhtml+xml,application/xml;q=0.9,image/avif,image/webp,image/apng,*/*;q=0.8,application/signed-exchange;v=b3;q=0.7] Accept-Encoding:[gzip, deflate, br, zstd] Accept-Language:[pt-BR,pt;q=0.9,en-US;q=0.8,en;q=0.7,ar;q=0.6] Cache-Control:[max-age=0] Connection:[keep-alive] Cookie:[_ga=GA1.1.854715908.1764511288; _ga_LNDJ3J7WT0=GS2.1.s1764511287$o1$g1$t1764511305$j42$l0$h0; _dd_s=logs=1&id=2e4d98e9-21b9-4104-8dcf-896707d87106&created=1769089172824&expire=1769095503943] If-Modified-Since:[Thu, 22 Jan 2026 14:07:32 GMT] Sec-Ch-Ua:["Not(A:Brand";v="8", "Chromium";v="144", "Google Chrome";v="144"] Sec-Ch-Ua-Mobile:[?0] Sec-Ch-Ua-Platform:["Windows"] Sec-Fetch-Dest:[document] Sec-Fetch-Mode:[navigate] Sec-Fetch-Site:[none] Sec-Fetch-User:[?1] Upgrade-Insecure-Requests:[1] User-Agent:[Mozilla/5.0 (Windows NT 10.0; Win64; x64) AppleWebKit/537.36 (KHTML, like Gecko) Chrome/144.0.0.0 Safari/537.36]]
2026/01/22 12:10:24 Response status: 304, size: 0 bytes
2026/01/22 12:10:24 Request: GET /
2026/01/22 12:10:24 Headers: map[Accept:[text/html,application/xhtml+xml,application/xml;q=0.9,image/avif,image/webp,image/apng,*/*;q=0.8,application/signed-exchange;v=b3;q=0.7] Accept-Encoding:[gzip, deflate, br, zstd] Accept-Language:[pt-BR,pt;q=0.9,en-US;q=0.8,en;q=0.7,ar;q=0.6] Cache-Control:[max-age=0] Connection:[keep-alive] Cookie:[_ga=GA1.1.854715908.1764511288; _ga_LNDJ3J7WT0=GS2.1.s1764511287$o1$g1$t1764511305$j42$l0$h0; _dd_s=logs=1&id=2e4d98e9-21b9-4104-8dcf-896707d87106&created=1769089172824&expire=1769095503943] If-Modified-Since:[Thu, 22 Jan 2026 14:07:32 GMT] Sec-Ch-Ua:["Not(A:Brand";v="8", "Chromium";v="144", "Google Chrome";v="144"] Sec-Ch-Ua-Mobile:[?0] Sec-Ch-Ua-Platform:["Windows"] Sec-Fetch-Dest:[document] Sec-Fetch-Mode:[navigate] Sec-Fetch-Site:[none] Sec-Fetch-User:[?1] Upgrade-Insecure-Requests:[1] User-Agent:[Mozilla/5.0 (Windows NT 10.0; Win64; x64) AppleWebKit/537.36 (KHTML, like Gecko) Chrome/144.0.0.0 Safari/537.36]]
2026/01/22 12:10:24 Response status: 304, size: 0 bytes
2026/01/22 12:10:24 Request: GET /
2026/01/22 12:10:24 Headers: map[Accept:[text/html,application/xhtml+xml,application/xml;q=0.9,image/avif,image/webp,image/apng,*/*;q=0.8,application/signed-exchange;v=b3;q=0.7] Accept-Encoding:[gzip, deflate, br, zstd] Accept-Language:[pt-BR,pt;q=0.9,en-US;q=0.8,en;q=0.7,ar;q=0.6] Cache-Control:[max-age=0] Connection:[keep-alive] Cookie:[_ga=GA1.1.854715908.1764511288; _ga_LNDJ3J7WT0=GS2.1.s1764511287$o1$g1$t1764511305$j42$l0$h0; _dd_s=logs=1&id=2e4d98e9-21b9-4104-8dcf-896707d87106&created=1769089172824&expire=1769095503943] If-Modified-Since:[Thu, 22 Jan 2026 14:07:32 GMT] Sec-Ch-Ua:["Not(A:Brand";v="8", "Chromium";v="144", "Google Chrome";v="144"] Sec-Ch-Ua-Mobile:[?0] Sec-Ch-Ua-Platform:["Windows"] Sec-Fetch-Dest:[document] Sec-Fetch-Mode:[navigate] Sec-Fetch-Site:[none] Sec-Fetch-User:[?1] Upgrade-Insecure-Requests:[1] User-Agent:[Mozilla/5.0 (Windows NT 10.0; Win64; x64) AppleWebKit/537.36 (KHTML, like Gecko) Chrome/144.0.0.0 Safari/537.36]]
2026/01/22 12:10:24 Response status: 304, size: 0 bytes
2026/01/22 12:10:37 Request: GET /healthcheck/
2026/01/22 12:10:37 Headers: map[Accept:[text/html,application/xhtml+xml,application/xml;q=0.9,image/avif,image/webp,image/apng,*/*;q=0.8,application/signed-exchange;v=b3;q=0.7] Accept-Encoding:[gzip, deflate, br, zstd] Accept-Language:[pt-BR,pt;q=0.9,en-US;q=0.8,en;q=0.7,ar;q=0.6] Cache-Control:[max-age=0] Connection:[keep-alive] Cookie:[_ga=GA1.1.854715908.1764511288; _ga_LNDJ3J7WT0=GS2.1.s1764511287$o1$g1$t1764511305$j42$l0$h0; _dd_s=logs=1&id=2e4d98e9-21b9-4104-8dcf-896707d87106&created=1769089172824&expire=1769095521326] If-Modified-Since:[Thu, 22 Jan 2026 13:51:59 GMT] Sec-Ch-Ua:["Not(A:Brand";v="8", "Chromium";v="144", "Google Chrome";v="144"] Sec-Ch-Ua-Mobile:[?0] Sec-Ch-Ua-Platform:["Windows"] Sec-Fetch-Dest:[document] Sec-Fetch-Mode:[navigate] Sec-Fetch-Site:[none] Sec-Fetch-User:[?1] Upgrade-Insecure-Requests:[1] User-Agent:[Mozilla/5.0 (Windows NT 10.0; Win64; x64) AppleWebKit/537.36 (KHTML, like Gecko) Chrome/144.0.0.0 Safari/537.36]]
2026/01/22 12:10:37 Response status: 304, size: 0 bytes
2026/01/22 12:10:44 Request: GET /healthcheck/
2026/01/22 12:10:44 Headers: map[Accept:[text/html,application/xhtml+xml,application/xml;q=0.9,image/avif,image/webp,image/apng,*/*;q=0.8,application/signed-exchange;v=b3;q=0.7] Accept-Encoding:[gzip, deflate, br, zstd] Accept-Language:[pt-BR,pt;q=0.9,en-US;q=0.8,en;q=0.7,ar;q=0.6] Cache-Control:[max-age=0] Connection:[keep-alive] Cookie:[_ga=GA1.1.854715908.1764511288; _ga_LNDJ3J7WT0=GS2.1.s1764511287$o1$g1$t1764511305$j42$l0$h0; _dd_s=logs=1&id=2e4d98e9-21b9-4104-8dcf-896707d87106&created=1769089172824&expire=1769095524172] If-Modified-Since:[Thu, 22 Jan 2026 13:51:59 GMT] Sec-Ch-Ua:["Not(A:Brand";v="8", "Chromium";v="144", "Google Chrome";v="144"] Sec-Ch-Ua-Mobile:[?0] Sec-Ch-Ua-Platform:["Windows"] Sec-Fetch-Dest:[document] Sec-Fetch-Mode:[navigate] Sec-Fetch-Site:[none] Sec-Fetch-User:[?1] Upgrade-Insecure-Requests:[1] User-Agent:[Mozilla/5.0 (Windows NT 10.0; Win64; x64) AppleWebKit/537.36 (KHTML, like Gecko) Chrome/144.0.0.0 Safari/537.36]]
2026/01/22 12:10:44 Response status: 304, size: 0 bytes
2026/01/22 12:10:44 Request: GET /healthcheck/
2026/01/22 12:10:44 Headers: map[Accept:[text/html,application/xhtml+xml,application/xml;q=0.9,image/avif,image/webp,image/apng,*/*;q=0.8,application/signed-exchange;v=b3;q=0.7] Accept-Encoding:[gzip, deflate, br, zstd] Accept-Language:[pt-BR,pt;q=0.9,en-US;q=0.8,en;q=0.7,ar;q=0.6] Cache-Control:[max-age=0] Connection:[keep-alive] Cookie:[_ga=GA1.1.854715908.1764511288; _ga_LNDJ3J7WT0=GS2.1.s1764511287$o1$g1$t1764511305$j42$l0$h0; _dd_s=logs=1&id=2e4d98e9-21b9-4104-8dcf-896707d87106&created=1769089172824&expire=1769095524172] If-Modified-Since:[Thu, 22 Jan 2026 13:51:59 GMT] Sec-Ch-Ua:["Not(A:Brand";v="8", "Chromium";v="144", "Google Chrome";v="144"] Sec-Ch-Ua-Mobile:[?0] Sec-Ch-Ua-Platform:["Windows"] Sec-Fetch-Dest:[document] Sec-Fetch-Mode:[navigate] Sec-Fetch-Site:[none] Sec-Fetch-User:[?1] Upgrade-Insecure-Requests:[1] User-Agent:[Mozilla/5.0 (Windows NT 10.0; Win64; x64) AppleWebKit/537.36 (KHTML, like Gecko) Chrome/144.0.0.0 Safari/537.36]]
2026/01/22 12:10:44 Response status: 304, size: 0 bytes
2026/01/22 12:11:11 Request: HEAD /healthcheck/
2026/01/22 12:11:11 Headers: map[Accept:[*/*] User-Agent:[curl/7.81.0]]
2026/01/22 12:11:11 Response status: 200, size: 0 bytes
2026/01/22 12:11:18 Request: HEAD /healthcheck/
2026/01/22 12:11:18 Headers: map[Accept:[*/*] User-Agent:[curl/7.81.0]]
2026/01/22 12:11:18 Response status: 200, size: 0 bytes
2026/01/22 12:11:19 Request: HEAD /healthcheck/
2026/01/22 12:11:19 Headers: map[Accept:[*/*] User-Agent:[curl/7.81.0]]
2026/01/22 12:11:19 Response status: 200, size: 0 bytes
2026/01/22 12:11:21 Request: HEAD /healthcheck/
2026/01/22 12:11:21 Headers: map[Accept:[*/*] User-Agent:[curl/7.81.0]]
2026/01/22 12:11:21 Response status: 200, size: 0 bytes
